<?xml version="1.0" encoding="UTF-8"?>
<!-- Generated by org.testng.reporters.JUnitXMLReporter -->
<testsuite ignored="3" hostname="LAPTOP-0LES13GO" failures="0" tests="1" name="Default test" time="16.769" errors="0" timestamp="2021-06-27T16:14:16 IST">
  <testcase classname="com.myapplication.testcases.LoginPageTests" name="verifyInvalidLogin" time="11.373"/>
  <testcase classname="com.myapplication.testcases.LoginPageTests" name="getTitleTest" time="0.0">
    <ignored/>
  </testcase> <!-- getTitleTest -->
  <testcase classname="com.myapplication.testcases.LoginPageTests" name="verifyValidLogin" time="0.0">
    <ignored/>
  </testcase> <!-- verifyValidLogin -->
  <testcase classname="com.myapplication.testcases.LoginPageTests" name="Test1_RTRY" time="0.0">
    <ignored/>
  </testcase> <!-- Test1_RTRY -->
</testsuite> <!-- Default test -->
