<?xml version="1.0" encoding="UTF-8"?>
<testng-results ignored="3" total="4" passed="1" failed="0" skipped="0">
  <reporter-output>
  </reporter-output>
  <suite started-at="2021-06-27T16:14:00 IST" name="Default suite" finished-at="2021-06-27T16:14:16 IST" duration-ms="16769">
    <groups>
    </groups>
    <test started-at="2021-06-27T16:14:00 IST" name="Default test" finished-at="2021-06-27T16:14:16 IST" duration-ms="16769">
      <class name="com.myapplication.testcases.LoginPageTests">
        <test-method is-config="true" signature="setUp()[pri:0, instance:com.myapplication.testcases.LoginPageTests@56cdfb3b]" started-at="2021-06-27T16:14:00 IST" name="setUp" finished-at="2021-06-27T16:14:04 IST" duration-ms="4525" status="PASS">
          <reporter-output>
          </reporter-output>
        </test-method> <!-- setUp -->
        <test-method signature="verifyInvalidLogin()[pri:3, instance:com.myapplication.testcases.LoginPageTests@56cdfb3b]" started-at="2021-06-27T16:14:04 IST" name="verifyInvalidLogin" finished-at="2021-06-27T16:14:15 IST" duration-ms="11373" status="PASS">
          <reporter-output>
          </reporter-output>
        </test-method> <!-- verifyInvalidLogin -->
        <test-method is-config="true" signature="Clsbrowser()[pri:0, instance:com.myapplication.testcases.LoginPageTests@56cdfb3b]" started-at="2021-06-27T16:14:15 IST" name="Clsbrowser" finished-at="2021-06-27T16:14:16 IST" duration-ms="819" status="PASS">
          <reporter-output>
          </reporter-output>
        </test-method> <!-- Clsbrowser -->
      </class> <!-- com.myapplication.testcases.LoginPageTests -->
    </test> <!-- Default test -->
  </suite> <!-- Default suite -->
</testng-results>
